----------------------------------------
Testing PARALLEL (small) with 1 threads

PARALLEL Average: 1.040 s
----------------------------------------
----------------------------------------
Testing PARALLEL (medium) with 1 threads

PARALLEL Average: 1.034 s
----------------------------------------
----------------------------------------
Testing PARALLEL (big) with 1 threads

PARALLEL Average: 1.032 s
----------------------------------------
----------------------------------------
Testing PARALLEL (huge) with 1 threads
PARALLEL Average: 88.158 s
----------------------------------------
----------------------------------------
Testing PARALLEL (small) with 2 threads

PARALLEL Average: 0.580 s
----------------------------------------
----------------------------------------
Testing PARALLEL (medium) with 2 threads

PARALLEL Average: 0.585 s
----------------------------------------
----------------------------------------
Testing PARALLEL (big) with 2 threads

PARALLEL Average: 0.578 s
----------------------------------------
----------------------------------------
Testing PARALLEL (huge) with 2 threads
PARALLEL Average: 50.081 s
----------------------------------------
----------------------------------------
Testing PARALLEL (small) with 4 threads


PARALLEL Average: 0.325 s
----------------------------------------
----------------------------------------
Testing PARALLEL (medium) with 4 threads


PARALLEL Average: 0.314 s
----------------------------------------
----------------------------------------
Testing PARALLEL (big) with 4 threads


PARALLEL Average: 0.313 s
----------------------------------------
----------------------------------------
Testing PARALLEL (huge) with 4 threads
PARALLEL Average: 29.922 s
----------------------------------------
----------------------------------------
Testing PARALLEL (small) with 8 threads


PARALLEL Average: 0.308 s
----------------------------------------
----------------------------------------
Testing PARALLEL (medium) with 8 threads


PARALLEL Average: 0.303 s
----------------------------------------
----------------------------------------
Testing PARALLEL (big) with 8 threads

PARALLEL Average: 0.308 s
----------------------------------------
----------------------------------------
Testing PARALLEL (huge) with 8 threads
PARALLEL Average: 41.086 s
----------------------------------------
----------------------------------------
Testing SEQUENTIAL (small)
SEQUENTIAL Average: 0.324 s
----------------------------------------
----------------------------------------
Testing SEQUENTIAL (medium)
SEQUENTIAL Average: 0.323 s
----------------------------------------
----------------------------------------
Testing SEQUENTIAL (big)
SEQUENTIAL Average: 0.322 s
----------------------------------------
----------------------------------------
Testing SEQUENTIAL (huge)
SEQUENTIAL Average: 7.957 s
----------------------------------------
